# JRE version: Java(TM) SE Runtime Environment (8.0_112-b15) (build 1.8.0_112-b15)
# Java VM: Java HotSpot(TM) 64-Bit Server VM (25.112-b15 mixed mode windows-amd64 compressed oops)
Heap:
 PSYoungGen      total 591360K, used 318114K [0x000000076ab00000, 0x0000000794980000, 0x00000007c0000000)
  eden space 535552K, 52% used [0x000000076ab00000,0x000000077be32e18,0x000000078b600000)
  from space 55808K, 65% used [0x0000000791300000,0x0000000793675ae0,0x0000000794980000)
  to   space 52224K, 0% used [0x000000078b600000,0x000000078b600000,0x000000078e900000)
 ParOldGen       total 214016K, used 191648K [0x00000006c0000000, 0x00000006cd100000, 0x000000076ab00000)
  object space 214016K, 89% used [0x00000006c0000000,0x00000006cbb28098,0x00000006cd100000)
 Metaspace       used 88654K, capacity 94954K, committed 96384K, reserved 1132544K
  class space    used 11842K, capacity 13379K, committed 13696K, reserved 1048576K
GC Heap History (10 events):
Event: 34.559 GC heap before
{Heap before GC invocations=34 (full 8):
 PSYoungGen      total 587776K, used 586408K [0x000000076ab00000, 0x0000000794980000, 0x00000007c0000000)
  eden space 535552K, 100% used [0x000000076ab00000,0x000000078b600000,0x000000078b600000)
  from space 52224K, 97% used [0x000000078b600000,0x000000078e7aa138,0x000000078e900000)
  to   space 55808K, 0% used [0x0000000791300000,0x0000000791300000,0x0000000794980000)
 ParOldGen       total 214016K, used 177557K [0x00000006c0000000, 0x00000006cd100000, 0x000000076ab00000)
  object space 214016K, 82% used [0x00000006c0000000,0x00000006cad65658,0x00000006cd100000)
 Metaspace       used 88516K, capacity 94822K, committed 96128K, reserved 1132544K
  class space    used 11836K, capacity 13379K, committed 13696K, reserved 1048576K
Event: 34.594 GC heap after
Heap after GC invocations=34 (full 8):
 PSYoungGen      total 591360K, used 53101K [0x000000076ab00000, 0x0000000794980000, 0x00000007c0000000)
  eden space 535552K, 0% used [0x000000076ab00000,0x000000076ab00000,0x000000078b600000)
  from space 55808K, 95% used [0x0000000791300000,0x00000007946db518,0x0000000794980000)
  to   space 52224K, 0% used [0x000000078b600000,0x000000078b600000,0x000000078e900000)
 ParOldGen       total 214016K, used 177565K [0x00000006c0000000, 0x00000006cd100000, 0x000000076ab00000)
  object space 214016K, 82% used [0x00000006c0000000,0x00000006cad67658,0x00000006cd100000)
 Metaspace       used 88516K, capacity 94822K, committed 96128K, reserved 1132544K
  class space    used 11836K, capacity 13379K, committed 13696K, reserved 1048576K
}
Event: 35.014 GC heap before
{Heap before GC invocations=35 (full 8):
 PSYoungGen      total 591360K, used 588653K [0x000000076ab00000, 0x0000000794980000, 0x00000007c0000000)
  eden space 535552K, 100% used [0x000000076ab00000,0x000000078b600000,0x000000078b600000)
  from space 55808K, 95% used [0x0000000791300000,0x00000007946db518,0x0000000794980000)
  to   space 52224K, 0% used [0x000000078b600000,0x000000078b600000,0x000000078e900000)
 ParOldGen       total 214016K, used 177565K [0x00000006c0000000, 0x00000006cd100000, 0x000000076ab00000)
  object space 214016K, 82% used [0x00000006c0000000,0x00000006cad67658,0x00000006cd100000)
 Metaspace       used 88539K, capacity 94822K, committed 96128K, reserved 1132544K
  class space    used 11836K, capacity 13379K, committed 13696K, reserved 1048576K
Event: 35.043 GC heap after
Heap after GC invocations=35 (full 8):
 PSYoungGen      total 587776K, used 51804K [0x000000076ab00000, 0x0000000794980000, 0x00000007c0000000)
  eden space 535552K, 0% used [0x000000076ab00000,0x000000076ab00000,0x000000078b600000)
  from space 52224K, 99% used [0x000000078b600000,0x000000078e8973a8,0x000000078e900000)
  to   space 55808K, 0% used [0x0000000791300000,0x0000000791300000,0x0000000794980000)
 ParOldGen       total 214016K, used 177573K [0x00000006c0000000, 0x00000006cd100000, 0x000000076ab00000)
  object space 214016K, 82% used [0x00000006c0000000,0x00000006cad69658,0x00000006cd100000)
 Metaspace       used 88539K, capacity 94822K, committed 96128K, reserved 1132544K
  class space    used 11836K, capacity 13379K, committed 13696K, reserved 1048576K
}
Event: 35.455 GC heap before
{Heap before GC invocations=36 (full 8):
 PSYoungGen      total 587776K, used 587356K [0x000000076ab00000, 0x0000000794980000, 0x00000007c0000000)
  eden space 535552K, 100% used [0x000000076ab00000,0x000000078b600000,0x000000078b600000)
  from space 52224K, 99% used [0x000000078b600000,0x000000078e8973a8,0x000000078e900000)
  to   space 55808K, 0% used [0x0000000791300000,0x0000000791300000,0x0000000794980000)
 ParOldGen       total 214016K, used 177573K [0x00000006c0000000, 0x00000006cd100000, 0x000000076ab00000)
  object space 214016K, 82% used [0x00000006c0000000,0x00000006cad69658,0x00000006cd100000)
 Metaspace       used 88605K, capacity 94886K, committed 96384K, reserved 1132544K
  class space    used 11842K, capacity 13379K, committed 13696K, reserved 1048576K
Event: 35.483 GC heap after
Heap after GC invocations=36 (full 8):
 PSYoungGen      total 591360K, used 55187K [0x000000076ab00000, 0x0000000794980000, 0x00000007c0000000)
  eden space 535552K, 0% used [0x000000076ab00000,0x000000076ab00000,0x000000078b600000)
  from space 55808K, 98% used [0x0000000791300000,0x00000007948e4f08,0x0000000794980000)
  to   space 52224K, 0% used [0x000000078b600000,0x000000078b600000,0x000000078e900000)
 ParOldGen       total 214016K, used 177581K [0x00000006c0000000, 0x00000006cd100000, 0x000000076ab00000)
  object space 214016K, 82% used [0x00000006c0000000,0x00000006cad6b658,0x00000006cd100000)
 Metaspace       used 88605K, capacity 94886K, committed 96384K, reserved 1132544K
  class space    used 11842K, capacity 13379K, committed 13696K, reserved 1048576K
}
Event: 35.945 GC heap before
{Heap before GC invocations=37 (full 8):
 PSYoungGen      total 591360K, used 590739K [0x000000076ab00000, 0x0000000794980000, 0x00000007c0000000)
  eden space 535552K, 100% used [0x000000076ab00000,0x000000078b600000,0x000000078b600000)
  from space 55808K, 98% used [0x0000000791300000,0x00000007948e4f08,0x0000000794980000)
  to   space 52224K, 0% used [0x000000078b600000,0x000000078b600000,0x000000078e900000)
 ParOldGen       total 214016K, used 177581K [0x00000006c0000000, 0x00000006cd100000, 0x000000076ab00000)
  object space 214016K, 82% used [0x00000006c0000000,0x00000006cad6b658,0x00000006cd100000)
 Metaspace       used 88635K, capacity 94886K, committed 96384K, reserved 1132544K
  class space    used 11842K, capacity 13379K, committed 13696K, reserved 1048576K
Event: 35.973 GC heap after
Heap after GC invocations=37 (full 8):
 PSYoungGen      total 587776K, used 52194K [0x000000076ab00000, 0x0000000794980000, 0x00000007c0000000)
  eden space 535552K, 0% used [0x000000076ab00000,0x000000076ab00000,0x000000078b600000)
  from space 52224K, 99% used [0x000000078b600000,0x000000078e8f8a30,0x000000078e900000)
  to   space 55808K, 0% used [0x0000000791300000,0x0000000791300000,0x0000000794980000)
 ParOldGen       total 214016K, used 180143K [0x00000006c0000000, 0x00000006cd100000, 0x000000076ab00000)
  object space 214016K, 84% used [0x00000006c0000000,0x00000006cafebe88,0x00000006cd100000)
 Metaspace       used 88635K, capacity 94886K, committed 96384K, reserved 1132544K
  class space    used 11842K, capacity 13379K, committed 13696K, reserved 1048576K
}
Event: 36.364 GC heap before
{Heap before GC invocations=38 (full 8):
 PSYoungGen      total 587776K, used 587746K [0x000000076ab00000, 0x0000000794980000, 0x00000007c0000000)
  eden space 535552K, 100% used [0x000000076ab00000,0x000000078b600000,0x000000078b600000)
  from space 52224K, 99% used [0x000000078b600000,0x000000078e8f8a30,0x000000078e900000)
  to   space 55808K, 0% used [0x0000000791300000,0x0000000791300000,0x0000000794980000)
 ParOldGen       total 214016K, used 180544K [0x00000006c0000000, 0x00000006cd100000, 0x000000076ab00000)
  object space 214016K, 84% used [0x00000006c0000000,0x00000006cb050190,0x00000006cd100000)
 Metaspace       used 88650K, capacity 94954K, committed 96384K, reserved 1132544K
  class space    used 11842K, capacity 13379K, committed 13696K, reserved 1048576K
Event: 36.386 GC heap after
Heap after GC invocations=38 (full 8):
 PSYoungGen      total 591360K, used 36310K [0x000000076ab00000, 0x0000000794980000, 0x00000007c0000000)
  eden space 535552K, 0% used [0x000000076ab00000,0x000000076ab00000,0x000000078b600000)
  from space 55808K, 65% used [0x0000000791300000,0x0000000793675ae0,0x0000000794980000)
  to   space 52224K, 0% used [0x000000078b600000,0x000000078b600000,0x000000078e900000)
 ParOldGen       total 214016K, used 191648K [0x00000006c0000000, 0x00000006cd100000, 0x000000076ab00000)
  object space 214016K, 89% used [0x00000006c0000000,0x00000006cbb28098,0x00000006cd100000)
 Metaspace       used 88650K, capacity 94954K, committed 96384K, reserved 1132544K
  class space    used 11842K, capacity 13379K, committed 13696K, reserved 1048576K
}

