# JRE version: Java(TM) SE Runtime Environment (8.0_112-b15) (build 1.8.0_112-b15)
# Java VM: Java HotSpot(TM) 64-Bit Server VM (25.112-b15 mixed mode windows-amd64 compressed oops)
Heap:
 PSYoungGen      total 288768K, used 37873K [0x000000076ab00000, 0x0000000785780000, 0x00000007c0000000)
  eden space 261120K, 3% used [0x000000076ab00000,0x000000076b4fe5e0,0x000000077aa00000)
  from space 27648K, 99% used [0x000000077aa00000,0x000000077c4fe030,0x000000077c500000)
  to   space 41472K, 0% used [0x0000000782f00000,0x0000000782f00000,0x0000000785780000)
 ParOldGen       total 216576K, used 66808K [0x00000006c0000000, 0x00000006cd380000, 0x000000076ab00000)
  object space 216576K, 30% used [0x00000006c0000000,0x00000006c413e250,0x00000006cd380000)
 Metaspace       used 69542K, capacity 74336K, committed 74456K, reserved 1112064K
  class space    used 9598K, capacity 10961K, committed 10968K, reserved 1048576K
GC Heap History (10 events):
Event: 11.855 GC heap before
{Heap before GC invocations=10 (full 2):
 PSYoungGen      total 144896K, used 144883K [0x000000076ab00000, 0x0000000778b80000, 0x00000007c0000000)
  eden space 130560K, 100% used [0x000000076ab00000,0x0000000772a80000,0x0000000772a80000)
  from space 14336K, 99% used [0x0000000772a80000,0x000000077387ce78,0x0000000773880000)
  to   space 17408K, 0% used [0x0000000777a80000,0x0000000777a80000,0x0000000778b80000)
 ParOldGen       total 170496K, used 20465K [0x00000006c0000000, 0x00000006ca680000, 0x000000076ab00000)
  object space 170496K, 12% used [0x00000006c0000000,0x00000006c13fc5f8,0x00000006ca680000)
 Metaspace       used 55958K, capacity 57716K, committed 57944K, reserved 1099776K
  class space    used 7718K, capacity 8159K, committed 8280K, reserved 1048576K
Event: 11.868 GC heap after
Heap after GC invocations=10 (full 2):
 PSYoungGen      total 205824K, used 17377K [0x000000076ab00000, 0x0000000778d00000, 0x00000007c0000000)
  eden space 188416K, 0% used [0x000000076ab00000,0x000000076ab00000,0x0000000776300000)
  from space 17408K, 99% used [0x0000000777a80000,0x0000000778b78678,0x0000000778b80000)
  to   space 21504K, 0% used [0x0000000776300000,0x0000000776300000,0x0000000777800000)
 ParOldGen       total 170496K, used 24898K [0x00000006c0000000, 0x00000006ca680000, 0x000000076ab00000)
  object space 170496K, 14% used [0x00000006c0000000,0x00000006c1850aa0,0x00000006ca680000)
 Metaspace       used 55958K, capacity 57716K, committed 57944K, reserved 1099776K
  class space    used 7718K, capacity 8159K, committed 8280K, reserved 1048576K
}
Event: 11.945 GC heap before
{Heap before GC invocations=11 (full 2):
 PSYoungGen      total 205824K, used 38864K [0x000000076ab00000, 0x0000000778d00000, 0x00000007c0000000)
  eden space 188416K, 11% used [0x000000076ab00000,0x000000076bffbb20,0x0000000776300000)
  from space 17408K, 99% used [0x0000000777a80000,0x0000000778b78678,0x0000000778b80000)
  to   space 21504K, 0% used [0x0000000776300000,0x0000000776300000,0x0000000777800000)
 ParOldGen       total 170496K, used 24898K [0x00000006c0000000, 0x00000006ca680000, 0x000000076ab00000)
  object space 170496K, 14% used [0x00000006c0000000,0x00000006c1850aa0,0x00000006ca680000)
 Metaspace       used 57134K, capacity 58836K, committed 59028K, reserved 1099776K
  class space    used 7874K, capacity 8319K, committed 8408K, reserved 1048576K
Event: 11.955 GC heap after
Heap after GC invocations=11 (full 2):
 PSYoungGen      total 209920K, used 17310K [0x000000076ab00000, 0x000000077e000000, 0x00000007c0000000)
  eden space 188416K, 0% used [0x000000076ab00000,0x000000076ab00000,0x0000000776300000)
  from space 21504K, 80% used [0x0000000776300000,0x00000007773e7920,0x0000000777800000)
  to   space 22528K, 0% used [0x000000077ca00000,0x000000077ca00000,0x000000077e000000)
 ParOldGen       total 170496K, used 24906K [0x00000006c0000000, 0x00000006ca680000, 0x000000076ab00000)
  object space 170496K, 14% used [0x00000006c0000000,0x00000006c1852aa0,0x00000006ca680000)
 Metaspace       used 57134K, capacity 58836K, committed 59028K, reserved 1099776K
  class space    used 7874K, capacity 8319K, committed 8408K, reserved 1048576K
}
Event: 11.955 GC heap before
{Heap before GC invocations=12 (full 3):
 PSYoungGen      total 209920K, used 17310K [0x000000076ab00000, 0x000000077e000000, 0x00000007c0000000)
  eden space 188416K, 0% used [0x000000076ab00000,0x000000076ab00000,0x0000000776300000)
  from space 21504K, 80% used [0x0000000776300000,0x00000007773e7920,0x0000000777800000)
  to   space 22528K, 0% used [0x000000077ca00000,0x000000077ca00000,0x000000077e000000)
 ParOldGen       total 170496K, used 24906K [0x00000006c0000000, 0x00000006ca680000, 0x000000076ab00000)
  object space 170496K, 14% used [0x00000006c0000000,0x00000006c1852aa0,0x00000006ca680000)
 Metaspace       used 57134K, capacity 58836K, committed 59028K, reserved 1099776K
  class space    used 7874K, capacity 8319K, committed 8408K, reserved 1048576K
Event: 12.086 GC heap after
Heap after GC invocations=12 (full 3):
 PSYoungGen      total 209920K, used 0K [0x000000076ab00000, 0x000000077e000000, 0x00000007c0000000)
  eden space 188416K, 0% used [0x000000076ab00000,0x000000076ab00000,0x0000000776300000)
  from space 21504K, 0% used [0x0000000776300000,0x0000000776300000,0x0000000777800000)
  to   space 22528K, 0% used [0x000000077ca00000,0x000000077ca00000,0x000000077e000000)
 ParOldGen       total 216576K, used 32010K [0x00000006c0000000, 0x00000006cd380000, 0x000000076ab00000)
  object space 216576K, 14% used [0x00000006c0000000,0x00000006c1f42b50,0x00000006cd380000)
 Metaspace       used 57120K, capacity 58788K, committed 59028K, reserved 1099776K
  class space    used 7870K, capacity 8311K, committed 8408K, reserved 1048576K
}
Event: 14.098 GC heap before
{Heap before GC invocations=13 (full 3):
 PSYoungGen      total 209920K, used 188416K [0x000000076ab00000, 0x000000077e000000, 0x00000007c0000000)
  eden space 188416K, 100% used [0x000000076ab00000,0x0000000776300000,0x0000000776300000)
  from space 21504K, 0% used [0x0000000776300000,0x0000000776300000,0x0000000777800000)
  to   space 22528K, 0% used [0x000000077ca00000,0x000000077ca00000,0x000000077e000000)
 ParOldGen       total 216576K, used 32010K [0x00000006c0000000, 0x00000006cd380000, 0x000000076ab00000)
  object space 216576K, 14% used [0x00000006c0000000,0x00000006c1f42b50,0x00000006cd380000)
 Metaspace       used 63818K, capacity 67536K, committed 67672K, reserved 1107968K
  class space    used 8867K, capacity 9989K, committed 10072K, reserved 1048576K
Event: 14.120 GC heap after
Heap after GC invocations=13 (full 3):
 PSYoungGen      total 283136K, used 22504K [0x000000076ab00000, 0x000000077e000000, 0x00000007c0000000)
  eden space 260608K, 0% used [0x000000076ab00000,0x000000076ab00000,0x000000077a980000)
  from space 22528K, 99% used [0x000000077ca00000,0x000000077dffa050,0x000000077e000000)
  to   space 27648K, 0% used [0x000000077aa00000,0x000000077aa00000,0x000000077c500000)
 ParOldGen       total 216576K, used 38211K [0x00000006c0000000, 0x00000006cd380000, 0x000000076ab00000)
  object space 216576K, 17% used [0x00000006c0000000,0x00000006c2550ef8,0x00000006cd380000)
 Metaspace       used 63818K, capacity 67536K, committed 67672K, reserved 1107968K
  class space    used 8867K, capacity 9989K, committed 10072K, reserved 1048576K
}
Event: 16.286 GC heap before
{Heap before GC invocations=14 (full 3):
 PSYoungGen      total 283136K, used 283112K [0x000000076ab00000, 0x000000077e000000, 0x00000007c0000000)
  eden space 260608K, 100% used [0x000000076ab00000,0x000000077a980000,0x000000077a980000)
  from space 22528K, 99% used [0x000000077ca00000,0x000000077dffa050,0x000000077e000000)
  to   space 27648K, 0% used [0x000000077aa00000,0x000000077aa00000,0x000000077c500000)
 ParOldGen       total 216576K, used 38211K [0x00000006c0000000, 0x00000006cd380000, 0x000000076ab00000)
  object space 216576K, 17% used [0x00000006c0000000,0x00000006c2550ef8,0x00000006cd380000)
 Metaspace       used 69522K, capacity 74208K, committed 74456K, reserved 1112064K
  class space    used 9597K, capacity 10961K, committed 10968K, reserved 1048576K
Event: 16.319 GC heap after
Heap after GC invocations=14 (full 3):
 PSYoungGen      total 288768K, used 27640K [0x000000076ab00000, 0x0000000785780000, 0x00000007c0000000)
  eden space 261120K, 0% used [0x000000076ab00000,0x000000076ab00000,0x000000077aa00000)
  from space 27648K, 99% used [0x000000077aa00000,0x000000077c4fe030,0x000000077c500000)
  to   space 41472K, 0% used [0x0000000782f00000,0x0000000782f00000,0x0000000785780000)
 ParOldGen       total 216576K, used 66808K [0x00000006c0000000, 0x00000006cd380000, 0x000000076ab00000)
  object space 216576K, 30% used [0x00000006c0000000,0x00000006c413e250,0x00000006cd380000)
 Metaspace       used 69522K, capacity 74208K, committed 74456K, reserved 1112064K
  class space    used 9597K, capacity 10961K, committed 10968K, reserved 1048576K
}

